# JRE version: Java(TM) SE Runtime Environment 18.9 (11.0.18+9) (build 11.0.18+9-LTS-195)
# Java VM: Java HotSpot(TM) 64-Bit Server VM 18.9 (11.0.18+9-LTS-195, mixed mode, tiered, compressed oops, g1 gc, linux-amd64)
Heap:
 garbage-first heap   total 245760K, used 124945K [0x0000000710200000, 0x0000000800000000)
  region size 1024K, 5 young (5120K), 4 survivors (4096K)
 Metaspace       used 18654K, capacity 19008K, committed 19072K, reserved 1067008K
  class space    used 1783K, capacity 1913K, committed 1920K, reserved 1048576K
GC Heap History (8 events):
Event: 0,572 GC heap before
{Heap before GC invocations=0 (full 0):
 garbage-first heap   total 245760K, used 58368K [0x0000000710200000, 0x0000000800000000)
  region size 1024K, 24 young (24576K), 0 survivors (0K)
 Metaspace       used 14271K, capacity 14536K, committed 14720K, reserved 1062912K
  class space    used 1292K, capacity 1399K, committed 1408K, reserved 1048576K
}
Event: 0,578 GC heap after
{Heap after GC invocations=1 (full 0):
 garbage-first heap   total 245760K, used 42083K [0x0000000710200000, 0x0000000800000000)
  region size 1024K, 3 young (3072K), 3 survivors (3072K)
 Metaspace       used 14271K, capacity 14536K, committed 14720K, reserved 1062912K
  class space    used 1292K, capacity 1399K, committed 1408K, reserved 1048576K
}
Event: 1,597 GC heap before
{Heap before GC invocations=1 (full 0):
 garbage-first heap   total 245760K, used 220259K [0x0000000710200000, 0x0000000800000000)
  region size 1024K, 144 young (147456K), 3 survivors (3072K)
 Metaspace       used 17112K, capacity 17453K, committed 17664K, reserved 1064960K
  class space    used 1585K, capacity 1714K, committed 1792K, reserved 1048576K
}
Event: 1,602 GC heap after
{Heap after GC invocations=2 (full 0):
 garbage-first heap   total 245760K, used 73512K [0x0000000710200000, 0x0000000800000000)
  region size 1024K, 4 young (4096K), 4 survivors (4096K)
 Metaspace       used 17112K, capacity 17453K, committed 17664K, reserved 1064960K
  class space    used 1585K, capacity 1714K, committed 1792K, reserved 1048576K
}
Event: 1,855 GC heap before
{Heap before GC invocations=2 (full 0):
 garbage-first heap   total 245760K, used 166696K [0x0000000710200000, 0x0000000800000000)
  region size 1024K, 72 young (73728K), 4 survivors (4096K)
 Metaspace       used 18650K, capacity 19008K, committed 19072K, reserved 1067008K
  class space    used 1781K, capacity 1913K, committed 1920K, reserved 1048576K
}
Event: 1,859 GC heap after
{Heap after GC invocations=3 (full 0):
 garbage-first heap   total 245760K, used 73738K [0x0000000710200000, 0x0000000800000000)
  region size 1024K, 4 young (4096K), 4 survivors (4096K)
 Metaspace       used 18650K, capacity 19008K, committed 19072K, reserved 1067008K
  class space    used 1781K, capacity 1913K, committed 1920K, reserved 1048576K
}
Event: 1,875 GC heap before
{Heap before GC invocations=4 (full 0):
 garbage-first heap   total 245760K, used 99338K [0x0000000710200000, 0x0000000800000000)
  region size 1024K, 5 young (5120K), 4 survivors (4096K)
 Metaspace       used 18651K, capacity 19008K, committed 19072K, reserved 1067008K
  class space    used 1781K, capacity 1913K, committed 1920K, reserved 1048576K
}
Event: 1,880 GC heap after
{Heap after GC invocations=5 (full 0):
 garbage-first heap   total 245760K, used 99345K [0x0000000710200000, 0x0000000800000000)
  region size 1024K, 4 young (4096K), 4 survivors (4096K)
 Metaspace       used 18651K, capacity 19008K, committed 19072K, reserved 1067008K
  class space    used 1781K, capacity 1913K, committed 1920K, reserved 1048576K
}

