# JRE version: Java(TM) SE Runtime Environment 18.9 (11.0.18+9) (build 11.0.18+9-LTS-195)
# Java VM: Java HotSpot(TM) 64-Bit Server VM 18.9 (11.0.18+9-LTS-195, mixed mode, tiered, compressed oops, g1 gc, linux-amd64)
Heap:
 garbage-first heap   total 245760K, used 125018K [0x0000000710200000, 0x0000000800000000)
  region size 1024K, 6 young (6144K), 5 survivors (5120K)
 Metaspace       used 18644K, capacity 19008K, committed 19072K, reserved 1067008K
  class space    used 1783K, capacity 1913K, committed 1920K, reserved 1048576K
GC Heap History (6 events):
Event: 0,525 GC heap before
{Heap before GC invocations=0 (full 0):
 garbage-first heap   total 245760K, used 58368K [0x0000000710200000, 0x0000000800000000)
  region size 1024K, 24 young (24576K), 0 survivors (0K)
 Metaspace       used 14268K, capacity 14536K, committed 14720K, reserved 1062912K
  class space    used 1292K, capacity 1399K, committed 1408K, reserved 1048576K
}
Event: 0,532 GC heap after
{Heap after GC invocations=1 (full 0):
 garbage-first heap   total 245760K, used 41921K [0x0000000710200000, 0x0000000800000000)
  region size 1024K, 3 young (3072K), 3 survivors (3072K)
 Metaspace       used 14268K, capacity 14536K, committed 14720K, reserved 1062912K
  class space    used 1292K, capacity 1399K, committed 1408K, reserved 1048576K
}
Event: 1,554 GC heap before
{Heap before GC invocations=1 (full 0):
 garbage-first heap   total 245760K, used 220097K [0x0000000710200000, 0x0000000800000000)
  region size 1024K, 144 young (147456K), 3 survivors (3072K)
 Metaspace       used 17103K, capacity 17453K, committed 17664K, reserved 1064960K
  class space    used 1585K, capacity 1714K, committed 1792K, reserved 1048576K
}
Event: 1,558 GC heap after
{Heap after GC invocations=2 (full 0):
 garbage-first heap   total 245760K, used 73388K [0x0000000710200000, 0x0000000800000000)
  region size 1024K, 4 young (4096K), 4 survivors (4096K)
 Metaspace       used 17103K, capacity 17453K, committed 17664K, reserved 1064960K
  class space    used 1585K, capacity 1714K, committed 1792K, reserved 1048576K
}
Event: 1,811 GC heap before
{Heap before GC invocations=2 (full 0):
 garbage-first heap   total 245760K, used 165548K [0x0000000710200000, 0x0000000800000000)
  region size 1024K, 71 young (72704K), 4 survivors (4096K)
 Metaspace       used 18639K, capacity 19008K, committed 19072K, reserved 1067008K
  class space    used 1781K, capacity 1913K, committed 1920K, reserved 1048576K
}
Event: 1,817 GC heap after
{Heap after GC invocations=3 (full 0):
 garbage-first heap   total 245760K, used 73818K [0x0000000710200000, 0x0000000800000000)
  region size 1024K, 5 young (5120K), 5 survivors (5120K)
 Metaspace       used 18639K, capacity 19008K, committed 19072K, reserved 1067008K
  class space    used 1781K, capacity 1913K, committed 1920K, reserved 1048576K
}

